
> gad-tailwindui2@0.1.0 dev
> next dev --turbopack

▲ Next.js 16.1.1 (Turbopack)
- Local:         http://localhost:3000
- Network:       http://192.168.0.2:3000

✓ Starting...
✓ Ready in 1250ms

🔍 isLoaded check: false
REQUIRED_SECTIONS: [
  'personal',
  'profile_photo',
  'education',
  'service',
  'central_deputation',
  'training',
  'awards',
  'disability',
  'disciplinary'
]
sectionLoaded keys: []
sectionProgress keys: []
personal: loaded=undefined, progress=NO
profile_photo: loaded=undefined, progress=NO
education: loaded=undefined, progress=NO
service: loaded=undefined, progress=NO
central_deputation: loaded=undefined, progress=NO
training: loaded=undefined, progress=NO
awards: loaded=undefined, progress=NO
disability: loaded=undefined, progress=NO
disciplinary: loaded=undefined, progress=NO
 GET /rbac/menus-management/ 200 in 1283ms (compile: 708ms, render: 574ms)
 GET /login/ 200 in 177ms (compile: 70ms, render: 107ms)
 GET /login/ 200 in 73ms (compile: 6ms, render: 67ms)

🔍 isLoaded check: false
REQUIRED_SECTIONS: [
  'personal',
  'profile_photo',
  'education',
  'service',
  'central_deputation',
  'training',
  'awards',
  'disability',
  'disciplinary'
]
sectionLoaded keys: []
sectionProgress keys: []
personal: loaded=undefined, progress=NO
profile_photo: loaded=undefined, progress=NO
education: loaded=undefined, progress=NO
service: loaded=undefined, progress=NO
central_deputation: loaded=undefined, progress=NO
training: loaded=undefined, progress=NO
awards: loaded=undefined, progress=NO
disability: loaded=undefined, progress=NO
disciplinary: loaded=undefined, progress=NO
 GET /rbac/menus-management/ 200 in 81ms (compile: 4ms, render: 76ms)
 GET /login/ 200 in 82ms (compile: 6ms, render: 76ms)
 GET /login/ 200 in 58ms (compile: 4ms, render: 55ms)

🔍 isLoaded check: false
REQUIRED_SECTIONS: [
  'personal',
  'profile_photo',
  'education',
  'service',
  'central_deputation',
  'training',
  'awards',
  'disability',
  'disciplinary'
]
sectionLoaded keys: []
sectionProgress keys: []
personal: loaded=undefined, progress=NO
profile_photo: loaded=undefined, progress=NO
education: loaded=undefined, progress=NO
service: loaded=undefined, progress=NO
central_deputation: loaded=undefined, progress=NO
training: loaded=undefined, progress=NO
awards: loaded=undefined, progress=NO
disability: loaded=undefined, progress=NO
disciplinary: loaded=undefined, progress=NO
 GET /rbac/menus-management/ 200 in 74ms (compile: 4ms, render: 70ms)
 GET /login/ 200 in 108ms (compile: 5ms, render: 103ms)
 GET /login/ 200 in 69ms (compile: 7ms, render: 62ms)

🔍 isLoaded check: false
REQUIRED_SECTIONS: [
  'personal',
  'profile_photo',
  'education',
  'service',
  'central_deputation',
  'training',
  'awards',
  'disability',
  'disciplinary'
]
sectionLoaded keys: []
sectionProgress keys: []
personal: loaded=undefined, progress=NO
profile_photo: loaded=undefined, progress=NO
education: loaded=undefined, progress=NO
service: loaded=undefined, progress=NO
central_deputation: loaded=undefined, progress=NO
training: loaded=undefined, progress=NO
awards: loaded=undefined, progress=NO
disability: loaded=undefined, progress=NO
disciplinary: loaded=undefined, progress=NO
 GET /rbac/menus-management/ 200 in 75ms (compile: 4ms, render: 71ms)
 GET /login/ 200 in 68ms (compile: 5ms, render: 64ms)
 GET /login/ 200 in 53ms (compile: 3ms, render: 50ms)

🔍 isLoaded check: false
REQUIRED_SECTIONS: [
  'personal',
  'profile_photo',
  'education',
  'service',
  'central_deputation',
  'training',
  'awards',
  'disability',
  'disciplinary'
]
sectionLoaded keys: []
sectionProgress keys: []
personal: loaded=undefined, progress=NO
profile_photo: loaded=undefined, progress=NO
education: loaded=undefined, progress=NO
service: loaded=undefined, progress=NO
central_deputation: loaded=undefined, progress=NO
training: loaded=undefined, progress=NO
awards: loaded=undefined, progress=NO
disability: loaded=undefined, progress=NO
disciplinary: loaded=undefined, progress=NO
 GET /rbac/menus-management/ 200 in 76ms (compile: 3ms, render: 73ms)
 GET /login/ 200 in 24ms (compile: 4ms, render: 21ms)
 GET /login/ 200 in 41ms (compile: 2ms, render: 39ms)

🔍 isLoaded check: false
REQUIRED_SECTIONS: [
  'personal',
  'profile_photo',
  'education',
  'service',
  'central_deputation',
  'training',
  'awards',
  'disability',
  'disciplinary'
]
sectionLoaded keys: []
sectionProgress keys: []
personal: loaded=undefined, progress=NO
profile_photo: loaded=undefined, progress=NO
education: loaded=undefined, progress=NO
service: loaded=undefined, progress=NO
central_deputation: loaded=undefined, progress=NO
training: loaded=undefined, progress=NO
awards: loaded=undefined, progress=NO
disability: loaded=undefined, progress=NO
disciplinary: loaded=undefined, progress=NO
 GET /rbac/menus-management/ 200 in 88ms (compile: 3ms, render: 85ms)
 GET /login/ 200 in 72ms (compile: 4ms, render: 68ms)
 GET /login/ 200 in 49ms (compile: 5ms, render: 44ms)

🔍 isLoaded check: false
REQUIRED_SECTIONS: [
  'personal',
  'profile_photo',
  'education',
  'service',
  'central_deputation',
  'training',
  'awards',
  'disability',
  'disciplinary'
]
sectionLoaded keys: []
sectionProgress keys: []
personal: loaded=undefined, progress=NO
profile_photo: loaded=undefined, progress=NO
education: loaded=undefined, progress=NO
service: loaded=undefined, progress=NO
central_deputation: loaded=undefined, progress=NO
training: loaded=undefined, progress=NO
awards: loaded=undefined, progress=NO
disability: loaded=undefined, progress=NO
disciplinary: loaded=undefined, progress=NO
 GET /rbac/menus-management/ 200 in 81ms (compile: 4ms, render: 77ms)
 GET /login/ 200 in 28ms (compile: 3ms, render: 24ms)
 GET /login/ 200 in 57ms (compile: 3ms, render: 54ms)

🔍 isLoaded check: false
REQUIRED_SECTIONS: [
  'personal',
  'profile_photo',
  'education',
  'service',
  'central_deputation',
  'training',
  'awards',
  'disability',
  'disciplinary'
]
sectionLoaded keys: []
sectionProgress keys: []
personal: loaded=undefined, progress=NO
profile_photo: loaded=undefined, progress=NO
education: loaded=undefined, progress=NO
service: loaded=undefined, progress=NO
central_deputation: loaded=undefined, progress=NO
training: loaded=undefined, progress=NO
awards: loaded=undefined, progress=NO
disability: loaded=undefined, progress=NO
disciplinary: loaded=undefined, progress=NO
 GET /rbac/menus-management/ 200 in 64ms (compile: 3ms, render: 61ms)
 GET /login/ 200 in 25ms (compile: 4ms, render: 21ms)
 GET /login/ 200 in 56ms (compile: 3ms, render: 53ms)

🔍 isLoaded check: false
REQUIRED_SECTIONS: [
  'personal',
  'profile_photo',
  'education',
  'service',
  'central_deputation',
  'training',
  'awards',
  'disability',
  'disciplinary'
]
sectionLoaded keys: []
sectionProgress keys: []
personal: loaded=undefined, progress=NO
profile_photo: loaded=undefined, progress=NO
education: loaded=undefined, progress=NO
service: loaded=undefined, progress=NO
central_deputation: loaded=undefined, progress=NO
training: loaded=undefined, progress=NO
awards: loaded=undefined, progress=NO
disability: loaded=undefined, progress=NO
disciplinary: loaded=undefined, progress=NO
 GET /rbac/menus-management/ 200 in 69ms (compile: 4ms, render: 65ms)
 GET /login/ 200 in 28ms (compile: 4ms, render: 24ms)
 GET /login/ 200 in 51ms (compile: 3ms, render: 48ms)

🔍 isLoaded check: false
REQUIRED_SECTIONS: [
  'personal',
  'profile_photo',
  'education',
  'service',
  'central_deputation',
  'training',
  'awards',
  'disability',
  'disciplinary'
]
sectionLoaded keys: []
sectionProgress keys: []
personal: loaded=undefined, progress=NO
profile_photo: loaded=undefined, progress=NO
education: loaded=undefined, progress=NO
service: loaded=undefined, progress=NO
central_deputation: loaded=undefined, progress=NO
training: loaded=undefined, progress=NO
awards: loaded=undefined, progress=NO
disability: loaded=undefined, progress=NO
disciplinary: loaded=undefined, progress=NO
 GET /rbac/menus-management/ 200 in 70ms (compile: 3ms, render: 67ms)
 GET /login/ 200 in 77ms (compile: 5ms, render: 72ms)
 GET /login/ 200 in 53ms (compile: 3ms, render: 50ms)

🔍 isLoaded check: false
REQUIRED_SECTIONS: [
  'personal',
  'profile_photo',
  'education',
  'service',
  'central_deputation',
  'training',
  'awards',
  'disability',
  'disciplinary'
]
sectionLoaded keys: []
sectionProgress keys: []
personal: loaded=undefined, progress=NO
profile_photo: loaded=undefined, progress=NO
education: loaded=undefined, progress=NO
service: loaded=undefined, progress=NO
central_deputation: loaded=undefined, progress=NO
training: loaded=undefined, progress=NO
awards: loaded=undefined, progress=NO
disability: loaded=undefined, progress=NO
disciplinary: loaded=undefined, progress=NO
 GET /rbac/menus-management/ 200 in 60ms (compile: 3ms, render: 57ms)
 GET /login/ 200 in 25ms (compile: 3ms, render: 22ms)
 GET /login/ 200 in 62ms (compile: 3ms, render: 59ms)

🔍 isLoaded check: false
REQUIRED_SECTIONS: [
  'personal',
  'profile_photo',
  'education',
  'service',
  'central_deputation',
  'training',
  'awards',
  'disability',
  'disciplinary'
]
sectionLoaded keys: []
sectionProgress keys: []
personal: loaded=undefined, progress=NO
profile_photo: loaded=undefined, progress=NO
education: loaded=undefined, progress=NO
service: loaded=undefined, progress=NO
central_deputation: loaded=undefined, progress=NO
training: loaded=undefined, progress=NO
awards: loaded=undefined, progress=NO
disability: loaded=undefined, progress=NO
disciplinary: loaded=undefined, progress=NO
 GET /rbac/menus-management/ 200 in 86ms (compile: 4ms, render: 82ms)
 GET /login/ 200 in 25ms (compile: 3ms, render: 22ms)
 GET /login/ 200 in 60ms (compile: 4ms, render: 56ms)

🔍 isLoaded check: false
REQUIRED_SECTIONS: [
  'personal',
  'profile_photo',
  'education',
  'service',
  'central_deputation',
  'training',
  'awards',
  'disability',
  'disciplinary'
]
sectionLoaded keys: []
sectionProgress keys: []
personal: loaded=undefined, progress=NO
profile_photo: loaded=undefined, progress=NO
education: loaded=undefined, progress=NO
service: loaded=undefined, progress=NO
central_deputation: loaded=undefined, progress=NO
training: loaded=undefined, progress=NO
awards: loaded=undefined, progress=NO
disability: loaded=undefined, progress=NO
disciplinary: loaded=undefined, progress=NO
 GET /rbac/menus-management/ 200 in 73ms (compile: 9ms, render: 64ms)
 GET /login/ 200 in 32ms (compile: 3ms, render: 29ms)
 GET /login/ 200 in 57ms (compile: 3ms, render: 54ms)

🔍 isLoaded check: false
REQUIRED_SECTIONS: [
  'personal',
  'profile_photo',
  'education',
  'service',
  'central_deputation',
  'training',
  'awards',
  'disability',
  'disciplinary'
]
sectionLoaded keys: []
sectionProgress keys: []
personal: loaded=undefined, progress=NO
profile_photo: loaded=undefined, progress=NO
education: loaded=undefined, progress=NO
service: loaded=undefined, progress=NO
central_deputation: loaded=undefined, progress=NO
training: loaded=undefined, progress=NO
awards: loaded=undefined, progress=NO
disability: loaded=undefined, progress=NO
disciplinary: loaded=undefined, progress=NO
 GET /rbac/menus-management/ 200 in 74ms (compile: 3ms, render: 71ms)
 GET /login/ 200 in 73ms (compile: 3ms, render: 69ms)
 GET /login/ 200 in 55ms (compile: 3ms, render: 52ms)

🔍 isLoaded check: false
REQUIRED_SECTIONS: [
  'personal',
  'profile_photo',
  'education',
  'service',
  'central_deputation',
  'training',
  'awards',
  'disability',
  'disciplinary'
]
sectionLoaded keys: []
sectionProgress keys: []
personal: loaded=undefined, progress=NO
profile_photo: loaded=undefined, progress=NO
education: loaded=undefined, progress=NO
service: loaded=undefined, progress=NO
central_deputation: loaded=undefined, progress=NO
training: loaded=undefined, progress=NO
awards: loaded=undefined, progress=NO
disability: loaded=undefined, progress=NO
disciplinary: loaded=undefined, progress=NO
 GET /rbac/menus-management/ 200 in 93ms (compile: 3ms, render: 90ms)
 GET /login/ 200 in 27ms (compile: 3ms, render: 24ms)
 GET /login/ 200 in 59ms (compile: 4ms, render: 56ms)
 GET / 200 in 879ms (compile: 835ms, render: 44ms)

🔍 isLoaded check: false
REQUIRED_SECTIONS: [
  'personal',
  'profile_photo',
  'education',
  'service',
  'central_deputation',
  'training',
  'awards',
  'disability',
  'disciplinary'
]
sectionLoaded keys: []
sectionProgress keys: []
personal: loaded=undefined, progress=NO
profile_photo: loaded=undefined, progress=NO
education: loaded=undefined, progress=NO
service: loaded=undefined, progress=NO
central_deputation: loaded=undefined, progress=NO
training: loaded=undefined, progress=NO
awards: loaded=undefined, progress=NO
disability: loaded=undefined, progress=NO
disciplinary: loaded=undefined, progress=NO
 GET /rbac/menus-management/ 200 in 75ms (compile: 4ms, render: 71ms)
 GET /login/ 200 in 65ms (compile: 7ms, render: 58ms)
 GET /login/ 200 in 59ms (compile: 3ms, render: 56ms)

🔍 isLoaded check: false
REQUIRED_SECTIONS: [
  'personal',
  'profile_photo',
  'education',
  'service',
  'central_deputation',
  'training',
  'awards',
  'disability',
  'disciplinary'
]
sectionLoaded keys: []
sectionProgress keys: []
personal: loaded=undefined, progress=NO
profile_photo: loaded=undefined, progress=NO
education: loaded=undefined, progress=NO
service: loaded=undefined, progress=NO
central_deputation: loaded=undefined, progress=NO
training: loaded=undefined, progress=NO
awards: loaded=undefined, progress=NO
disability: loaded=undefined, progress=NO
disciplinary: loaded=undefined, progress=NO
 GET /rbac/menus-management/ 200 in 80ms (compile: 3ms, render: 77ms)
 GET /login/ 200 in 93ms (compile: 4ms, render: 89ms)
 GET /login/ 200 in 72ms (compile: 4ms, render: 68ms)

🔍 isLoaded check: false
REQUIRED_SECTIONS: [
  'personal',
  'profile_photo',
  'education',
  'service',
  'central_deputation',
  'training',
  'awards',
  'disability',
  'disciplinary'
]
sectionLoaded keys: []
sectionProgress keys: []
personal: loaded=undefined, progress=NO
profile_photo: loaded=undefined, progress=NO
education: loaded=undefined, progress=NO
service: loaded=undefined, progress=NO
central_deputation: loaded=undefined, progress=NO
training: loaded=undefined, progress=NO
awards: loaded=undefined, progress=NO
disability: loaded=undefined, progress=NO
disciplinary: loaded=undefined, progress=NO
 GET /rbac/menus-management/ 200 in 102ms (compile: 3ms, render: 98ms)
 GET /login/ 200 in 86ms (compile: 3ms, render: 83ms)
 GET /login/ 200 in 73ms (compile: 3ms, render: 70ms)

🔍 isLoaded check: false
REQUIRED_SECTIONS: [
  'personal',
  'profile_photo',
  'education',
  'service',
  'central_deputation',
  'training',
  'awards',
  'disability',
  'disciplinary'
]
sectionLoaded keys: []
sectionProgress keys: []
personal: loaded=undefined, progress=NO
profile_photo: loaded=undefined, progress=NO
education: loaded=undefined, progress=NO
service: loaded=undefined, progress=NO
central_deputation: loaded=undefined, progress=NO
training: loaded=undefined, progress=NO
awards: loaded=undefined, progress=NO
disability: loaded=undefined, progress=NO
disciplinary: loaded=undefined, progress=NO
 GET /rbac/menus-management/ 200 in 66ms (compile: 3ms, render: 63ms)
 GET /login/ 200 in 116ms (compile: 12ms, render: 104ms)
 GET /login/ 200 in 73ms (compile: 16ms, render: 58ms)

🔍 isLoaded check: false
REQUIRED_SECTIONS: [
  'personal',
  'profile_photo',
  'education',
  'service',
  'central_deputation',
  'training',
  'awards',
  'disability',
  'disciplinary'
]
sectionLoaded keys: []
sectionProgress keys: []
personal: loaded=undefined, progress=NO
profile_photo: loaded=undefined, progress=NO
education: loaded=undefined, progress=NO
service: loaded=undefined, progress=NO
central_deputation: loaded=undefined, progress=NO
training: loaded=undefined, progress=NO
awards: loaded=undefined, progress=NO
disability: loaded=undefined, progress=NO
disciplinary: loaded=undefined, progress=NO
 GET /rbac/menus-management/ 200 in 71ms (compile: 4ms, render: 67ms)
 GET /login/ 200 in 84ms (compile: 5ms, render: 79ms)
 GET /login/ 200 in 58ms (compile: 8ms, render: 50ms)

🔍 isLoaded check: false
REQUIRED_SECTIONS: [
  'personal',
  'profile_photo',
  'education',
  'service',
  'central_deputation',
  'training',
  'awards',
  'disability',
  'disciplinary'
]
sectionLoaded keys: []
sectionProgress keys: []
personal: loaded=undefined, progress=NO
profile_photo: loaded=undefined, progress=NO
education: loaded=undefined, progress=NO
service: loaded=undefined, progress=NO
central_deputation: loaded=undefined, progress=NO
training: loaded=undefined, progress=NO
awards: loaded=undefined, progress=NO
disability: loaded=undefined, progress=NO
disciplinary: loaded=undefined, progress=NO
 GET /rbac/menus-management/ 200 in 80ms (compile: 4ms, render: 76ms)
 GET /login/ 200 in 98ms (compile: 5ms, render: 93ms)
 GET /login/ 200 in 98ms (compile: 3ms, render: 96ms)

🔍 isLoaded check: false
REQUIRED_SECTIONS: [
  'personal',
  'profile_photo',
  'education',
  'service',
  'central_deputation',
  'training',
  'awards',
  'disability',
  'disciplinary'
]
sectionLoaded keys: []
sectionProgress keys: []
personal: loaded=undefined, progress=NO
profile_photo: loaded=undefined, progress=NO
education: loaded=undefined, progress=NO
service: loaded=undefined, progress=NO
central_deputation: loaded=undefined, progress=NO
training: loaded=undefined, progress=NO
awards: loaded=undefined, progress=NO
disability: loaded=undefined, progress=NO
disciplinary: loaded=undefined, progress=NO
 GET /rbac/menus-management/ 200 in 77ms (compile: 3ms, render: 73ms)
 GET /login/ 200 in 83ms (compile: 5ms, render: 78ms)
 GET /login/ 200 in 47ms (compile: 3ms, render: 44ms)

🔍 isLoaded check: false
REQUIRED_SECTIONS: [
  'personal',
  'profile_photo',
  'education',
  'service',
  'central_deputation',
  'training',
  'awards',
  'disability',
  'disciplinary'
]
sectionLoaded keys: []
sectionProgress keys: []
personal: loaded=undefined, progress=NO
profile_photo: loaded=undefined, progress=NO
education: loaded=undefined, progress=NO
service: loaded=undefined, progress=NO
central_deputation: loaded=undefined, progress=NO
training: loaded=undefined, progress=NO
awards: loaded=undefined, progress=NO
disability: loaded=undefined, progress=NO
disciplinary: loaded=undefined, progress=NO
 GET /rbac/menus-management/ 200 in 87ms (compile: 4ms, render: 83ms)
 GET /login/ 200 in 63ms (compile: 4ms, render: 60ms)
 GET /login/ 200 in 60ms (compile: 5ms, render: 56ms)

🔍 isLoaded check: false
REQUIRED_SECTIONS: [
  'personal',
  'profile_photo',
  'education',
  'service',
  'central_deputation',
  'training',
  'awards',
  'disability',
  'disciplinary'
]
sectionLoaded keys: []
sectionProgress keys: []
personal: loaded=undefined, progress=NO
profile_photo: loaded=undefined, progress=NO
education: loaded=undefined, progress=NO
service: loaded=undefined, progress=NO
central_deputation: loaded=undefined, progress=NO
training: loaded=undefined, progress=NO
awards: loaded=undefined, progress=NO
disability: loaded=undefined, progress=NO
disciplinary: loaded=undefined, progress=NO
 GET /rbac/menus-management/ 200 in 256ms (compile: 7ms, render: 249ms)
 GET /login/ 200 in 64ms (compile: 4ms, render: 60ms)
 GET /login/ 200 in 94ms (compile: 5ms, render: 89ms)

🔍 isLoaded check: false
REQUIRED_SECTIONS: [
  'personal',
  'profile_photo',
  'education',
  'service',
  'central_deputation',
  'training',
  'awards',
  'disability',
  'disciplinary'
]
sectionLoaded keys: []
sectionProgress keys: []
personal: loaded=undefined, progress=NO
profile_photo: loaded=undefined, progress=NO
education: loaded=undefined, progress=NO
service: loaded=undefined, progress=NO
central_deputation: loaded=undefined, progress=NO
training: loaded=undefined, progress=NO
awards: loaded=undefined, progress=NO
disability: loaded=undefined, progress=NO
disciplinary: loaded=undefined, progress=NO
 GET /rbac/menus-management/ 200 in 74ms (compile: 4ms, render: 70ms)
 GET /login/ 200 in 105ms (compile: 3ms, render: 101ms)
 GET /login/ 200 in 59ms (compile: 4ms, render: 55ms)

🔍 isLoaded check: false
REQUIRED_SECTIONS: [
  'personal',
  'profile_photo',
  'education',
  'service',
  'central_deputation',
  'training',
  'awards',
  'disability',
  'disciplinary'
]
sectionLoaded keys: []
sectionProgress keys: []
personal: loaded=undefined, progress=NO
profile_photo: loaded=undefined, progress=NO
education: loaded=undefined, progress=NO
service: loaded=undefined, progress=NO
central_deputation: loaded=undefined, progress=NO
training: loaded=undefined, progress=NO
awards: loaded=undefined, progress=NO
disability: loaded=undefined, progress=NO
disciplinary: loaded=undefined, progress=NO
 GET /rbac/menus-management/ 200 in 125ms (compile: 6ms, render: 120ms)
 GET /login/ 200 in 106ms (compile: 5ms, render: 101ms)
 GET /login/ 200 in 74ms (compile: 7ms, render: 66ms)

🔍 isLoaded check: false
REQUIRED_SECTIONS: [
  'personal',
  'profile_photo',
  'education',
  'service',
  'central_deputation',
  'training',
  'awards',
  'disability',
  'disciplinary'
]
sectionLoaded keys: []
sectionProgress keys: []
personal: loaded=undefined, progress=NO
profile_photo: loaded=undefined, progress=NO
education: loaded=undefined, progress=NO
service: loaded=undefined, progress=NO
central_deputation: loaded=undefined, progress=NO
training: loaded=undefined, progress=NO
awards: loaded=undefined, progress=NO
disability: loaded=undefined, progress=NO
disciplinary: loaded=undefined, progress=NO
 GET /rbac/menus-management/ 200 in 176ms (compile: 9ms, render: 168ms)
 GET /login/ 200 in 202ms (compile: 9ms, render: 193ms)
 GET /login/ 200 in 126ms (compile: 7ms, render: 119ms)

🔍 isLoaded check: false
REQUIRED_SECTIONS: [
  'personal',
  'profile_photo',
  'education',
  'service',
  'central_deputation',
  'training',
  'awards',
  'disability',
  'disciplinary'
]
sectionLoaded keys: []
sectionProgress keys: []
personal: loaded=undefined, progress=NO
profile_photo: loaded=undefined, progress=NO
education: loaded=undefined, progress=NO
service: loaded=undefined, progress=NO
central_deputation: loaded=undefined, progress=NO
training: loaded=undefined, progress=NO
awards: loaded=undefined, progress=NO
disability: loaded=undefined, progress=NO
disciplinary: loaded=undefined, progress=NO
 GET /rbac/menus-management/ 200 in 172ms (compile: 6ms, render: 165ms)
 GET /login/ 200 in 169ms (compile: 9ms, render: 160ms)
 GET /login/ 200 in 151ms (compile: 11ms, render: 140ms)

🔍 isLoaded check: false
REQUIRED_SECTIONS: [
  'personal',
  'profile_photo',
  'education',
  'service',
  'central_deputation',
  'training',
  'awards',
  'disability',
  'disciplinary'
]
sectionLoaded keys: []
sectionProgress keys: []
personal: loaded=undefined, progress=NO
profile_photo: loaded=undefined, progress=NO
education: loaded=undefined, progress=NO
service: loaded=undefined, progress=NO
central_deputation: loaded=undefined, progress=NO
training: loaded=undefined, progress=NO
awards: loaded=undefined, progress=NO
disability: loaded=undefined, progress=NO
disciplinary: loaded=undefined, progress=NO
 GET /rbac/menus-management/ 200 in 137ms (compile: 6ms, render: 132ms)
 GET /login/ 200 in 145ms (compile: 5ms, render: 140ms)
 GET /login/ 200 in 102ms (compile: 5ms, render: 96ms)

🔍 isLoaded check: false
REQUIRED_SECTIONS: [
  'personal',
  'profile_photo',
  'education',
  'service',
  'central_deputation',
  'training',
  'awards',
  'disability',
  'disciplinary'
]
sectionLoaded keys: []
sectionProgress keys: []
personal: loaded=undefined, progress=NO
profile_photo: loaded=undefined, progress=NO
education: loaded=undefined, progress=NO
service: loaded=undefined, progress=NO
central_deputation: loaded=undefined, progress=NO
training: loaded=undefined, progress=NO
awards: loaded=undefined, progress=NO
disability: loaded=undefined, progress=NO
disciplinary: loaded=undefined, progress=NO
 GET /rbac/menus-management/ 200 in 102ms (compile: 5ms, render: 97ms)
 GET /login/ 200 in 30ms (compile: 4ms, render: 27ms)
 GET /login/ 200 in 87ms (compile: 6ms, render: 81ms)

🔍 isLoaded check: false
REQUIRED_SECTIONS: [
  'personal',
  'profile_photo',
  'education',
  'service',
  'central_deputation',
  'training',
  'awards',
  'disability',
  'disciplinary'
]
sectionLoaded keys: []
sectionProgress keys: []
personal: loaded=undefined, progress=NO
profile_photo: loaded=undefined, progress=NO
education: loaded=undefined, progress=NO
service: loaded=undefined, progress=NO
central_deputation: loaded=undefined, progress=NO
training: loaded=undefined, progress=NO
awards: loaded=undefined, progress=NO
disability: loaded=undefined, progress=NO
disciplinary: loaded=undefined, progress=NO
 GET /rbac/menus-management/ 200 in 58ms (compile: 3ms, render: 55ms)

🔍 isLoaded check: false
REQUIRED_SECTIONS: [
  'personal',
  'profile_photo',
  'education',
  'service',
  'central_deputation',
  'training',
  'awards',
  'disability',
  'disciplinary'
]
sectionLoaded keys: []
sectionProgress keys: []
personal: loaded=undefined, progress=NO
profile_photo: loaded=undefined, progress=NO
education: loaded=undefined, progress=NO
service: loaded=undefined, progress=NO
central_deputation: loaded=undefined, progress=NO
training: loaded=undefined, progress=NO
awards: loaded=undefined, progress=NO
disability: loaded=undefined, progress=NO
disciplinary: loaded=undefined, progress=NO
 GET /rbac/menus-management/ 200 in 227ms (compile: 14ms, render: 213ms)
 GET /login/ 200 in 143ms (compile: 8ms, render: 135ms)
 GET /login/ 200 in 99ms (compile: 6ms, render: 93ms)

🔍 isLoaded check: false
REQUIRED_SECTIONS: [
  'personal',
  'profile_photo',
  'education',
  'service',
  'central_deputation',
  'training',
  'awards',
  'disability',
  'disciplinary'
]
sectionLoaded keys: []
sectionProgress keys: []
personal: loaded=undefined, progress=NO
profile_photo: loaded=undefined, progress=NO
education: loaded=undefined, progress=NO
service: loaded=undefined, progress=NO
central_deputation: loaded=undefined, progress=NO
training: loaded=undefined, progress=NO
awards: loaded=undefined, progress=NO
disability: loaded=undefined, progress=NO
disciplinary: loaded=undefined, progress=NO
 GET /rbac/menus-management/ 200 in 113ms (compile: 4ms, render: 109ms)
 GET /login/ 200 in 104ms (compile: 4ms, render: 100ms)
 GET /login/ 200 in 85ms (compile: 5ms, render: 80ms)

🔍 isLoaded check: false
REQUIRED_SECTIONS: [
  'personal',
  'profile_photo',
  'education',
  'service',
  'central_deputation',
  'training',
  'awards',
  'disability',
  'disciplinary'
]
sectionLoaded keys: []
sectionProgress keys: []
personal: loaded=undefined, progress=NO
profile_photo: loaded=undefined, progress=NO
education: loaded=undefined, progress=NO
service: loaded=undefined, progress=NO
central_deputation: loaded=undefined, progress=NO
training: loaded=undefined, progress=NO
awards: loaded=undefined, progress=NO
disability: loaded=undefined, progress=NO
disciplinary: loaded=undefined, progress=NO
 GET /rbac/menus-management/ 200 in 68ms (compile: 3ms, render: 65ms)
 GET /login/ 200 in 25ms (compile: 3ms, render: 22ms)
 GET /login/ 200 in 65ms (compile: 3ms, render: 62ms)

🔍 isLoaded check: false
REQUIRED_SECTIONS: [
  'personal',
  'profile_photo',
  'education',
  'service',
  'central_deputation',
  'training',
  'awards',
  'disability',
  'disciplinary'
]
sectionLoaded keys: []
sectionProgress keys: []
personal: loaded=undefined, progress=NO
profile_photo: loaded=undefined, progress=NO
education: loaded=undefined, progress=NO
service: loaded=undefined, progress=NO
central_deputation: loaded=undefined, progress=NO
training: loaded=undefined, progress=NO
awards: loaded=undefined, progress=NO
disability: loaded=undefined, progress=NO
disciplinary: loaded=undefined, progress=NO
 GET /rbac/menus-management/ 200 in 106ms (compile: 4ms, render: 102ms)
 GET /login/ 200 in 93ms (compile: 5ms, render: 88ms)
 GET /login/ 200 in 75ms (compile: 4ms, render: 71ms)

🔍 isLoaded check: false
REQUIRED_SECTIONS: [
  'personal',
  'profile_photo',
  'education',
  'service',
  'central_deputation',
  'training',
  'awards',
  'disability',
  'disciplinary'
]
sectionLoaded keys: []
sectionProgress keys: []
personal: loaded=undefined, progress=NO
profile_photo: loaded=undefined, progress=NO
education: loaded=undefined, progress=NO
service: loaded=undefined, progress=NO
central_deputation: loaded=undefined, progress=NO
training: loaded=undefined, progress=NO
awards: loaded=undefined, progress=NO
disability: loaded=undefined, progress=NO
disciplinary: loaded=undefined, progress=NO
 GET /rbac/menus-management/ 200 in 85ms (compile: 3ms, render: 82ms)
 GET /login/ 200 in 89ms (compile: 3ms, render: 86ms)
 GET /login/ 200 in 89ms (compile: 3ms, render: 86ms)

🔍 isLoaded check: false
REQUIRED_SECTIONS: [
  'personal',
  'profile_photo',
  'education',
  'service',
  'central_deputation',
  'training',
  'awards',
  'disability',
  'disciplinary'
]
sectionLoaded keys: []
sectionProgress keys: []
personal: loaded=undefined, progress=NO
profile_photo: loaded=undefined, progress=NO
education: loaded=undefined, progress=NO
service: loaded=undefined, progress=NO
central_deputation: loaded=undefined, progress=NO
training: loaded=undefined, progress=NO
awards: loaded=undefined, progress=NO
disability: loaded=undefined, progress=NO
disciplinary: loaded=undefined, progress=NO
 GET /rbac/menus-management/ 200 in 87ms (compile: 4ms, render: 83ms)
 GET /login/ 200 in 111ms (compile: 18ms, render: 93ms)
 GET /login/ 200 in 62ms (compile: 4ms, render: 58ms)

🔍 isLoaded check: false
REQUIRED_SECTIONS: [
  'personal',
  'profile_photo',
  'education',
  'service',
  'central_deputation',
  'training',
  'awards',
  'disability',
  'disciplinary'
]
sectionLoaded keys: []
sectionProgress keys: []
personal: loaded=undefined, progress=NO
profile_photo: loaded=undefined, progress=NO
education: loaded=undefined, progress=NO
service: loaded=undefined, progress=NO
central_deputation: loaded=undefined, progress=NO
training: loaded=undefined, progress=NO
awards: loaded=undefined, progress=NO
disability: loaded=undefined, progress=NO
disciplinary: loaded=undefined, progress=NO
 GET /rbac/menus-management/ 200 in 60ms (compile: 3ms, render: 57ms)
 GET /login/ 200 in 71ms (compile: 5ms, render: 65ms)
 GET /login/ 200 in 61ms (compile: 4ms, render: 57ms)

🔍 isLoaded check: false
REQUIRED_SECTIONS: [
  'personal',
  'profile_photo',
  'education',
  'service',
  'central_deputation',
  'training',
  'awards',
  'disability',
  'disciplinary'
]
sectionLoaded keys: []
sectionProgress keys: []
personal: loaded=undefined, progress=NO
profile_photo: loaded=undefined, progress=NO
education: loaded=undefined, progress=NO
service: loaded=undefined, progress=NO
central_deputation: loaded=undefined, progress=NO
training: loaded=undefined, progress=NO
awards: loaded=undefined, progress=NO
disability: loaded=undefined, progress=NO
disciplinary: loaded=undefined, progress=NO
 GET /rbac/menus-management/ 200 in 65ms (compile: 3ms, render: 62ms)
 GET /login/ 200 in 109ms (compile: 3ms, render: 106ms)
 GET /login/ 200 in 94ms (compile: 3ms, render: 91ms)

🔍 isLoaded check: false
REQUIRED_SECTIONS: [
  'personal',
  'profile_photo',
  'education',
  'service',
  'central_deputation',
  'training',
  'awards',
  'disability',
  'disciplinary'
]
sectionLoaded keys: []
sectionProgress keys: []
personal: loaded=undefined, progress=NO
profile_photo: loaded=undefined, progress=NO
education: loaded=undefined, progress=NO
service: loaded=undefined, progress=NO
central_deputation: loaded=undefined, progress=NO
training: loaded=undefined, progress=NO
awards: loaded=undefined, progress=NO
disability: loaded=undefined, progress=NO
disciplinary: loaded=undefined, progress=NO
 GET /rbac/menus-management/ 200 in 66ms (compile: 3ms, render: 63ms)
 GET /login/ 200 in 84ms (compile: 4ms, render: 80ms)
 GET /login/ 200 in 48ms (compile: 4ms, render: 44ms)

🔍 isLoaded check: false
REQUIRED_SECTIONS: [
  'personal',
  'profile_photo',
  'education',
  'service',
  'central_deputation',
  'training',
  'awards',
  'disability',
  'disciplinary'
]
sectionLoaded keys: []
sectionProgress keys: []
personal: loaded=undefined, progress=NO
profile_photo: loaded=undefined, progress=NO
education: loaded=undefined, progress=NO
service: loaded=undefined, progress=NO
central_deputation: loaded=undefined, progress=NO
training: loaded=undefined, progress=NO
awards: loaded=undefined, progress=NO
disability: loaded=undefined, progress=NO
disciplinary: loaded=undefined, progress=NO
 GET /rbac/menus-management/ 200 in 57ms (compile: 3ms, render: 54ms)
 GET /login/ 200 in 67ms (compile: 3ms, render: 64ms)
 GET /login/ 200 in 55ms (compile: 3ms, render: 52ms)

🔍 isLoaded check: false
REQUIRED_SECTIONS: [
  'personal',
  'profile_photo',
  'education',
  'service',
  'central_deputation',
  'training',
  'awards',
  'disability',
  'disciplinary'
]
sectionLoaded keys: []
sectionProgress keys: []
personal: loaded=undefined, progress=NO
profile_photo: loaded=undefined, progress=NO
education: loaded=undefined, progress=NO
service: loaded=undefined, progress=NO
central_deputation: loaded=undefined, progress=NO
training: loaded=undefined, progress=NO
awards: loaded=undefined, progress=NO
disability: loaded=undefined, progress=NO
disciplinary: loaded=undefined, progress=NO
 GET /rbac/menus-management/ 200 in 68ms (compile: 3ms, render: 65ms)
 GET /login/ 200 in 79ms (compile: 5ms, render: 74ms)
 GET /login/ 200 in 56ms (compile: 4ms, render: 53ms)

🔍 isLoaded check: false
REQUIRED_SECTIONS: [
  'personal',
  'profile_photo',
  'education',
  'service',
  'central_deputation',
  'training',
  'awards',
  'disability',
  'disciplinary'
]
sectionLoaded keys: []
sectionProgress keys: []
personal: loaded=undefined, progress=NO
profile_photo: loaded=undefined, progress=NO
education: loaded=undefined, progress=NO
service: loaded=undefined, progress=NO
central_deputation: loaded=undefined, progress=NO
training: loaded=undefined, progress=NO
awards: loaded=undefined, progress=NO
disability: loaded=undefined, progress=NO
disciplinary: loaded=undefined, progress=NO
 GET /rbac/menus-management/ 200 in 60ms (compile: 3ms, render: 58ms)
 GET /login/ 200 in 26ms (compile: 5ms, render: 22ms)
 GET /login/ 200 in 59ms (compile: 3ms, render: 56ms)

🔍 isLoaded check: false
REQUIRED_SECTIONS: [
  'personal',
  'profile_photo',
  'education',
  'service',
  'central_deputation',
  'training',
  'awards',
  'disability',
  'disciplinary'
]
sectionLoaded keys: []
sectionProgress keys: []
personal: loaded=undefined, progress=NO
profile_photo: loaded=undefined, progress=NO
education: loaded=undefined, progress=NO
service: loaded=undefined, progress=NO
central_deputation: loaded=undefined, progress=NO
training: loaded=undefined, progress=NO
awards: loaded=undefined, progress=NO
disability: loaded=undefined, progress=NO
disciplinary: loaded=undefined, progress=NO
 GET /rbac/menus-management/ 200 in 148ms (compile: 5ms, render: 143ms)
 GET /login/ 200 in 25ms (compile: 3ms, render: 22ms)
 GET /login/ 200 in 80ms (compile: 8ms, render: 71ms)

🔍 isLoaded check: false
REQUIRED_SECTIONS: [
  'personal',
  'profile_photo',
  'education',
  'service',
  'central_deputation',
  'training',
  'awards',
  'disability',
  'disciplinary'
]
sectionLoaded keys: []
sectionProgress keys: []
personal: loaded=undefined, progress=NO
profile_photo: loaded=undefined, progress=NO
education: loaded=undefined, progress=NO
service: loaded=undefined, progress=NO
central_deputation: loaded=undefined, progress=NO
training: loaded=undefined, progress=NO
awards: loaded=undefined, progress=NO
disability: loaded=undefined, progress=NO
disciplinary: loaded=undefined, progress=NO
 GET /rbac/menus-management/ 200 in 103ms (compile: 3ms, render: 100ms)
 GET /login/ 200 in 25ms (compile: 4ms, render: 22ms)
 GET /login/ 200 in 51ms (compile: 2ms, render: 48ms)

🔍 isLoaded check: false
REQUIRED_SECTIONS: [
  'personal',
  'profile_photo',
  'education',
  'service',
  'central_deputation',
  'training',
  'awards',
  'disability',
  'disciplinary'
]
sectionLoaded keys: []
sectionProgress keys: []
personal: loaded=undefined, progress=NO
profile_photo: loaded=undefined, progress=NO
education: loaded=undefined, progress=NO
service: loaded=undefined, progress=NO
central_deputation: loaded=undefined, progress=NO
training: loaded=undefined, progress=NO
awards: loaded=undefined, progress=NO
disability: loaded=undefined, progress=NO
disciplinary: loaded=undefined, progress=NO
 GET /rbac/menus-management/ 200 in 71ms (compile: 3ms, render: 68ms)
 GET /login/ 200 in 23ms (compile: 3ms, render: 21ms)
 GET /login/ 200 in 44ms (compile: 2ms, render: 42ms)

🔍 isLoaded check: false
REQUIRED_SECTIONS: [
  'personal',
  'profile_photo',
  'education',
  'service',
  'central_deputation',
  'training',
  'awards',
  'disability',
  'disciplinary'
]
sectionLoaded keys: []
sectionProgress keys: []
personal: loaded=undefined, progress=NO
profile_photo: loaded=undefined, progress=NO
education: loaded=undefined, progress=NO
service: loaded=undefined, progress=NO
central_deputation: loaded=undefined, progress=NO
training: loaded=undefined, progress=NO
awards: loaded=undefined, progress=NO
disability: loaded=undefined, progress=NO
disciplinary: loaded=undefined, progress=NO
 GET /rbac/menus-management/ 200 in 90ms (compile: 4ms, render: 87ms)
 GET /login/ 200 in 102ms (compile: 5ms, render: 97ms)
 GET /login/ 200 in 65ms (compile: 6ms, render: 60ms)

🔍 isLoaded check: false
REQUIRED_SECTIONS: [
  'personal',
  'profile_photo',
  'education',
  'service',
  'central_deputation',
  'training',
  'awards',
  'disability',
  'disciplinary'
]
sectionLoaded keys: []
sectionProgress keys: []
personal: loaded=undefined, progress=NO
profile_photo: loaded=undefined, progress=NO
education: loaded=undefined, progress=NO
service: loaded=undefined, progress=NO
central_deputation: loaded=undefined, progress=NO
training: loaded=undefined, progress=NO
awards: loaded=undefined, progress=NO
disability: loaded=undefined, progress=NO
disciplinary: loaded=undefined, progress=NO
 GET /rbac/menus-management/ 200 in 83ms (compile: 3ms, render: 80ms)
 GET /login/ 200 in 29ms (compile: 3ms, render: 26ms)
 GET /login/ 200 in 57ms (compile: 3ms, render: 54ms)

🔍 isLoaded check: false
REQUIRED_SECTIONS: [
  'personal',
  'profile_photo',
  'education',
  'service',
  'central_deputation',
  'training',
  'awards',
  'disability',
  'disciplinary'
]
sectionLoaded keys: []
sectionProgress keys: []
personal: loaded=undefined, progress=NO
profile_photo: loaded=undefined, progress=NO
education: loaded=undefined, progress=NO
service: loaded=undefined, progress=NO
central_deputation: loaded=undefined, progress=NO
training: loaded=undefined, progress=NO
awards: loaded=undefined, progress=NO
disability: loaded=undefined, progress=NO
disciplinary: loaded=undefined, progress=NO
 GET /rbac/menus-management/ 200 in 70ms (compile: 3ms, render: 67ms)
 GET /login/ 200 in 67ms (compile: 6ms, render: 61ms)
 GET /login/ 200 in 44ms (compile: 2ms, render: 42ms)
○ Compiling /rbac/role-menu-mapping ...

🔍 isLoaded check: false
REQUIRED_SECTIONS: [
  'personal',
  'profile_photo',
  'education',
  'service',
  'central_deputation',
  'training',
  'awards',
  'disability',
  'disciplinary'
]
sectionLoaded keys: []
sectionProgress keys: []
personal: loaded=undefined, progress=NO
profile_photo: loaded=undefined, progress=NO
education: loaded=undefined, progress=NO
service: loaded=undefined, progress=NO
central_deputation: loaded=undefined, progress=NO
training: loaded=undefined, progress=NO
awards: loaded=undefined, progress=NO
disability: loaded=undefined, progress=NO
disciplinary: loaded=undefined, progress=NO
 GET /rbac/role-menu-mapping/ 200 in 5.4s (compile: 4.6s, render: 767ms)
 GET /login/ 200 in 608ms (compile: 140ms, render: 468ms)
 GET /login/ 200 in 250ms (compile: 29ms, render: 221ms)

🔍 isLoaded check: false
REQUIRED_SECTIONS: [
  'personal',
  'profile_photo',
  'education',
  'service',
  'central_deputation',
  'training',
  'awards',
  'disability',
  'disciplinary'
]
sectionLoaded keys: []
sectionProgress keys: []
personal: loaded=undefined, progress=NO
profile_photo: loaded=undefined, progress=NO
education: loaded=undefined, progress=NO
service: loaded=undefined, progress=NO
central_deputation: loaded=undefined, progress=NO
training: loaded=undefined, progress=NO
awards: loaded=undefined, progress=NO
disability: loaded=undefined, progress=NO
disciplinary: loaded=undefined, progress=NO
 GET /rbac/role-menu-mapping/ 200 in 191ms (compile: 26ms, render: 165ms)
 GET /login/ 200 in 114ms (compile: 5ms, render: 109ms)
 GET /login/ 200 in 77ms (compile: 4ms, render: 73ms)

🔍 isLoaded check: false
REQUIRED_SECTIONS: [
  'personal',
  'profile_photo',
  'education',
  'service',
  'central_deputation',
  'training',
  'awards',
  'disability',
  'disciplinary'
]
sectionLoaded keys: []
sectionProgress keys: []
personal: loaded=undefined, progress=NO
profile_photo: loaded=undefined, progress=NO
education: loaded=undefined, progress=NO
service: loaded=undefined, progress=NO
central_deputation: loaded=undefined, progress=NO
training: loaded=undefined, progress=NO
awards: loaded=undefined, progress=NO
disability: loaded=undefined, progress=NO
disciplinary: loaded=undefined, progress=NO
 GET /rbac/role-menu-mapping/ 200 in 85ms (compile: 5ms, render: 80ms)
 GET /login/ 200 in 92ms (compile: 4ms, render: 88ms)
 GET /login/ 200 in 65ms (compile: 3ms, render: 62ms)

🔍 isLoaded check: false
REQUIRED_SECTIONS: [
  'personal',
  'profile_photo',
  'education',
  'service',
  'central_deputation',
  'training',
  'awards',
  'disability',
  'disciplinary'
]
sectionLoaded keys: []
sectionProgress keys: []
personal: loaded=undefined, progress=NO
profile_photo: loaded=undefined, progress=NO
education: loaded=undefined, progress=NO
service: loaded=undefined, progress=NO
central_deputation: loaded=undefined, progress=NO
training: loaded=undefined, progress=NO
awards: loaded=undefined, progress=NO
disability: loaded=undefined, progress=NO
disciplinary: loaded=undefined, progress=NO
 GET /rbac/role-menu-mapping/ 200 in 98ms (compile: 6ms, render: 92ms)
 GET /login/ 200 in 101ms (compile: 6ms, render: 94ms)
 GET /login/ 200 in 68ms (compile: 5ms, render: 62ms)

🔍 isLoaded check: false
REQUIRED_SECTIONS: [
  'personal',
  'profile_photo',
  'education',
  'service',
  'central_deputation',
  'training',
  'awards',
  'disability',
  'disciplinary'
]
sectionLoaded keys: []
sectionProgress keys: []
personal: loaded=undefined, progress=NO
profile_photo: loaded=undefined, progress=NO
education: loaded=undefined, progress=NO
service: loaded=undefined, progress=NO
central_deputation: loaded=undefined, progress=NO
training: loaded=undefined, progress=NO
awards: loaded=undefined, progress=NO
disability: loaded=undefined, progress=NO
disciplinary: loaded=undefined, progress=NO
 GET /rbac/role-menu-mapping/ 200 in 227ms (compile: 6ms, render: 221ms)
 GET /login/ 200 in 77ms (compile: 4ms, render: 73ms)
 GET /login/ 200 in 60ms (compile: 4ms, render: 55ms)
